<?xml version="1.0" encoding="UTF-8"?>
<!-- Generated by org.testng.reporters.JUnitReportReporter -->
<testsuite hostname="manuelfvalless" name="web2_0.W2E1_Caso015_016_017_018" tests="1" failures="0" timestamp="4 Jan 2019 13:40:24 GMT" time="21.025" errors="0">
  <testcase name="testW2E1_Caso015_016_017_018" time="21.025" classname="web2_0.W2E1_Caso015_016_017_018"/>
</testsuite> <!-- web2_0.W2E1_Caso015_016_017_018 -->
