<?xml version="1.0" encoding="UTF-8"?>
<!-- Generated by org.testng.reporters.JUnitReportReporter -->
<testsuite hostname="manuelfvalless" name="web2_0.W2E1_Caso035Android" tests="1" failures="0" timestamp="4 Jan 2019 17:47:53 GMT" time="159.859" errors="0">
  <testcase name="testPrueba" time="159.859" classname="web2_0.W2E1_Caso035Android"/>
</testsuite> <!-- web2_0.W2E1_Caso035Android -->
