<?xml version="1.0" encoding="UTF-8"?>
<!-- Generated by org.testng.reporters.JUnitReportReporter -->
<testsuite hostname="manuelfvalless" name="web2_0.W2E1_Caso001" tests="1" failures="0" timestamp="3 Jan 2019 15:54:44 GMT" time="24.684" errors="0">
  <testcase name="testW2E1_Caso001" time="24.684" classname="web2_0.W2E1_Caso001"/>
</testsuite> <!-- web2_0.W2E1_Caso001 -->
