<?xml version="1.0" encoding="UTF-8"?>
<!-- Generated by org.testng.reporters.JUnitReportReporter -->
<testsuite hostname="manuelfvalless" name="web2_0.W2E1_Caso013A" tests="1" failures="0" timestamp="7 Jan 2019 15:52:11 GMT" time="14.332" errors="0">
  <testcase name="testW2E1_Caso013" time="14.332" classname="web2_0.W2E1_Caso013A"/>
</testsuite> <!-- web2_0.W2E1_Caso013A -->
