<?xml version="1.0" encoding="UTF-8"?>
<!-- Generated by org.testng.reporters.JUnitReportReporter -->
<testsuite hostname="manuelfvalless" name="web2_0.W2E1_Caso019_020_026" tests="1" failures="0" timestamp="4 Jan 2019 14:39:20 GMT" time="55.857" errors="0">
  <testcase name="testW2E1_Caso019_020_026" time="55.857" classname="web2_0.W2E1_Caso019_020_026"/>
</testsuite> <!-- web2_0.W2E1_Caso019_020_026 -->
