<?xml version="1.0" encoding="UTF-8"?>
<!-- Generated by org.testng.reporters.JUnitReportReporter -->
<testsuite hostname="manuelfvalless" name="web2_0.W2E1_Caso014" tests="1" failures="0" timestamp="4 Jan 2019 13:10:41 GMT" time="37.024" errors="0">
  <testcase name="testW2E1_Caso014" time="37.024" classname="web2_0.W2E1_Caso014"/>
</testsuite> <!-- web2_0.W2E1_Caso014 -->
