<?xml version="1.0" encoding="UTF-8"?>
<!-- Generated by org.testng.reporters.JUnitReportReporter -->
<testsuite hostname="manuelfvalless" name="web2_0.W2E1_Caso015_016_017_018Iphone" tests="1" failures="0" timestamp="4 Jan 2019 13:55:45 GMT" time="20.875" errors="0">
  <testcase name="testW2E1_Caso015_016_017_018" time="20.875" classname="web2_0.W2E1_Caso015_016_017_018Iphone"/>
</testsuite> <!-- web2_0.W2E1_Caso015_016_017_018Iphone -->
