<?xml version="1.0" encoding="UTF-8"?>
<!-- Generated by org.testng.reporters.JUnitReportReporter -->
<testsuite hostname="manuelfvalless" name="web2_0.W2E1_Caso011" tests="1" failures="0" timestamp="18 Dec 2018 19:38:47 GMT" time="21.069" errors="0">
  <testcase name="testW2E1_Caso011" time="21.069" classname="web2_0.W2E1_Caso011"/>
</testsuite> <!-- web2_0.W2E1_Caso011 -->
