<?xml version="1.0" encoding="UTF-8"?>
<!-- Generated by org.testng.reporters.JUnitReportReporter -->
<testsuite hostname="manuelfvalless" name="web2_0.W2E1_Caso035Iphone" tests="1" failures="0" timestamp="4 Jan 2019 17:49:15 GMT" time="20.091" errors="0">
  <testcase name="testPrueba" time="20.091" classname="web2_0.W2E1_Caso035Iphone"/>
</testsuite> <!-- web2_0.W2E1_Caso035Iphone -->
