<?xml version="1.0" encoding="UTF-8"?>
<!-- Generated by org.testng.reporters.JUnitReportReporter -->
<testsuite hostname="manuelfvalless" name="web2_0.W2E1_Caso045" tests="1" failures="0" timestamp="5 Jan 2019 16:40:43 GMT" time="9.729" errors="0">
  <testcase name="testW2E1_Caso045" time="9.729" classname="web2_0.W2E1_Caso045"/>
</testsuite> <!-- web2_0.W2E1_Caso045 -->
